Questionable use of curly braces in "create_subdirs = {yes}"
    Error: undefined symbol in: "[yes]"
Questionable use of curly braces in "allow_unicode_names = {no}"
    Error: undefined symbol in: "[no]"
Questionable use of curly braces in "output_language = {spanish}"
    Error: undefined symbol in: "[spanish]"
Questionable use of curly braces in "brief_member_desc = {yes}"
    Error: undefined symbol in: "[yes]"
Questionable use of curly braces in "repeat_brief = {yes}"
    Error: undefined symbol in: "[yes]"
Questionable use of curly braces in "always_detailed_sec = {no}"
    Error: undefined symbol in: "[no]"
Questionable use of curly braces in "inline_inherited_memb = {no}"
    Error: undefined symbol in: "[no]"
Questionable use of curly braces in "full_path_names = {yes}"
    Error: undefined symbol in: "[yes]"
Questionable use of curly braces in "short_names = {no}"
    Error: undefined symbol in: "[no]"
Questionable use of curly braces in "javadoc_autobrief = {no}"
    Error: undefined symbol in: "[no]"
Questionable use of curly braces in "qt_autobrief = {no}"
    Error: undefined symbol in: "[no]"
Questionable use of curly braces in "multiline_cpp_is_brief = {no}"
    Error: undefined symbol in: "[no]"
Questionable use of curly braces in "inherit_docs = {yes}"
    Error: undefined symbol in: "[yes]"
Questionable use of curly braces in "separate_member_pages = {no}"
    Error: undefined symbol in: "[no]"
Questionable use of curly braces in "optimize_output_for_c = {yes}"
    Error: undefined symbol in: "[yes]"
Questionable use of curly braces in "optimize_output_java = {no}"
    Error: undefined symbol in: "[no]"
Questionable use of curly braces in "optimize_for_fortran = {no}"
    Error: undefined symbol in: "[no]"
Questionable use of curly braces in "optimize_output_vhdl = {no}"
    Error: undefined symbol in: "[no]"
Questionable use of curly braces in "markdown_support = {yes}"
    Error: undefined symbol in: "[yes]"
Questionable use of curly braces in "autolink_support = {yes}"
    Error: undefined symbol in: "[yes]"
Questionable use of curly braces in "builtin_stl_support = {no}"
    Error: undefined symbol in: "[no]"
Questionable use of curly braces in "cpp_cli_support = {no}"
    Error: undefined symbol in: "[no]"
Questionable use of curly braces in "sip_support = {no}"
    Error: undefined symbol in: "[no]"
Questionable use of curly braces in "idl_property_support = {yes}"
    Error: undefined symbol in: "[yes]"
Questionable use of curly braces in "distribute_group_doc = {no}"
    Error: undefined symbol in: "[no]"
Questionable use of curly braces in "group_nested_compounds = {no}"
    Error: undefined symbol in: "[no]"
Questionable use of curly braces in "subgrouping = {yes}"
    Error: undefined symbol in: "[yes]"
Questionable use of curly braces in "inline_grouped_classes = {no}"
    Error: undefined symbol in: "[no]"
Questionable use of curly braces in "inline_simple_structs = {no}"
    Error: undefined symbol in: "[no]"
Questionable use of curly braces in "typedef_hides_struct = {no}"
    Error: undefined symbol in: "[no]"
Questionable use of curly braces in "extract_all = {yes}"
    Error: undefined symbol in: "[yes]"
Questionable use of curly braces in "extract_private = {no}"
    Error: undefined symbol in: "[no]"
Questionable use of curly braces in "extract_package = {no}"
    Error: undefined symbol in: "[no]"
Questionable use of curly braces in "extract_static = {no}"
    Error: undefined symbol in: "[no]"
Questionable use of curly braces in "extract_local_classes = {yes}"
    Error: undefined symbol in: "[yes]"
Questionable use of curly braces in "extract_local_methods = {no}"
    Error: undefined symbol in: "[no]"
Questionable use of curly braces in "extract_anon_nspaces = {no}"
    Error: undefined symbol in: "[no]"
Questionable use of curly braces in "hide_undoc_members = {no}"
    Error: undefined symbol in: "[no]"
Questionable use of curly braces in "hide_undoc_classes = {no}"
    Error: undefined symbol in: "[no]"
Questionable use of curly braces in "hide_friend_compounds = {no}"
    Error: undefined symbol in: "[no]"
Questionable use of curly braces in "hide_in_body_docs = {no}"
    Error: undefined symbol in: "[no]"
Questionable use of curly braces in "internal_docs = {no}"
    Error: undefined symbol in: "[no]"
Questionable use of curly braces in "case_sense_names = {yes}"
    Error: undefined symbol in: "[yes]"
Questionable use of curly braces in "hide_scope_names = {no}"
    Error: undefined symbol in: "[no]"
Questionable use of curly braces in "hide_compound_reference= {no}"
    Error: undefined symbol in: "[no]"
Questionable use of curly braces in "show_include_files = {yes}"
    Error: undefined symbol in: "[yes]"
Questionable use of curly braces in "show_grouped_memb_inc = {no}"
    Error: undefined symbol in: "[no]"
Questionable use of curly braces in "force_local_includes = {no}"
    Error: undefined symbol in: "[no]"
Questionable use of curly braces in "inline_info = {yes}"
    Error: undefined symbol in: "[yes]"
Questionable use of curly braces in "sort_member_docs = {yes}"
    Error: undefined symbol in: "[yes]"
Questionable use of curly braces in "sort_brief_docs = {no}"
    Error: undefined symbol in: "[no]"
Questionable use of curly braces in "sort_members_ctors_1st = {no}"
    Error: undefined symbol in: "[no]"
Questionable use of curly braces in "sort_group_names = {no}"
    Error: undefined symbol in: "[no]"
Questionable use of curly braces in "sort_by_scope_name = {no}"
    Error: undefined symbol in: "[no]"
Questionable use of curly braces in "strict_proto_matching = {no}"
    Error: undefined symbol in: "[no]"
Questionable use of curly braces in "generate_todolist = {yes}"
    Error: undefined symbol in: "[yes]"
Questionable use of curly braces in "generate_testlist = {yes}"
    Error: undefined symbol in: "[yes]"
Questionable use of curly braces in "generate_buglist = {yes}"
    Error: undefined symbol in: "[yes]"
Questionable use of curly braces in "generate_deprecatedlist= {yes}"
    Error: undefined symbol in: "[yes]"
Questionable use of curly braces in "show_used_files = {yes}"
    Error: undefined symbol in: "[yes]"
Questionable use of curly braces in "show_files = {yes}"
    Error: undefined symbol in: "[yes]"
Questionable use of curly braces in "show_namespaces = {yes}"
    Error: undefined symbol in: "[yes]"
Questionable use of curly braces in "quiet = {no}"
    Error: undefined symbol in: "[no]"
Questionable use of curly braces in "warnings = {yes}"
    Error: undefined symbol in: "[yes]"
Questionable use of curly braces in "warn_if_undocumented = {yes}"
    Error: undefined symbol in: "[yes]"
Questionable use of curly braces in "warn_if_doc_error = {yes}"
    Error: undefined symbol in: "[yes]"
Questionable use of curly braces in "warn_no_paramdoc = {no}"
    Error: undefined symbol in: "[no]"
Questionable use of curly braces in "warn_as_error = {no}"
    Error: undefined symbol in: "[no]"
Questionable use of curly braces in "recursive = {yes}"
    Error: undefined symbol in: "[yes]"
Questionable use of curly braces in "exclude_symlinks = {no}"
    Error: undefined symbol in: "[no]"
Questionable use of curly braces in "example_recursive = {no}"
    Error: undefined symbol in: "[no]"
Questionable use of curly braces in "filter_source_files = {no}"
    Error: undefined symbol in: "[no]"
Questionable use of curly braces in "source_browser = {yes}"
    Error: undefined symbol in: "[yes]"
Questionable use of curly braces in "inline_sources = {no}"
    Error: undefined symbol in: "[no]"
Questionable use of curly braces in "strip_code_comments = {yes}"
    Error: undefined symbol in: "[yes]"
Questionable use of curly braces in "referenced_by_relation = {no}"
    Error: undefined symbol in: "[no]"
Questionable use of curly braces in "references_relation = {no}"
    Error: undefined symbol in: "[no]"
Questionable use of curly braces in "references_link_source = {yes}"
    Error: undefined symbol in: "[yes]"
Questionable use of curly braces in "source_tooltips = {yes}"
    Error: undefined symbol in: "[yes]"
Questionable use of curly braces in "use_htags = {no}"
    Error: undefined symbol in: "[no]"
Questionable use of curly braces in "verbatim_headers = {yes}"
    Error: undefined symbol in: "[yes]"
Questionable use of curly braces in "clang_assisted_parsing = {no}"
    Error: undefined symbol in: "[no]"
Questionable use of curly braces in "alphabetical_index = {yes}"
    Error: undefined symbol in: "[yes]"
Questionable use of curly braces in "generate_html = {yes}"
    Error: undefined symbol in: "[yes]"
Questionable use of curly braces in "html_output = {html}"
    Error: undefined symbol in: "[html]"
Questionable use of curly braces in "html_timestamp = {no}"
    Error: undefined symbol in: "[no]"
Questionable use of curly braces in "html_dynamic_sections = {no}"
    Error: undefined symbol in: "[no]"
Questionable use of curly braces in "generate_docset = {no}"
    Error: undefined symbol in: "[no]"
Questionable use of curly braces in "docset_bundle_id = {org.doxygen.project}"
    Error: undefined symbol in: "[org.doxygen.project]"
Questionable use of curly braces in "docset_publisher_id = {org.doxygen.publisher}"
    Error: undefined symbol in: "[org.doxygen.publisher]"
Questionable use of curly braces in "docset_publisher_name = {publisher}"
    Error: undefined symbol in: "[publisher]"
Questionable use of curly braces in "generate_htmlhelp = {no}"
    Error: undefined symbol in: "[no]"
Questionable use of curly braces in "generate_chi = {no}"
    Error: undefined symbol in: "[no]"
Questionable use of curly braces in "binary_toc = {no}"
    Error: undefined symbol in: "[no]"
Questionable use of curly braces in "toc_expand = {no}"
    Error: undefined symbol in: "[no]"
Questionable use of curly braces in "generate_qhp = {no}"
    Error: undefined symbol in: "[no]"
Questionable use of curly braces in "qhp_namespace = {org.doxygen.project}"
    Error: undefined symbol in: "[org.doxygen.project]"
Questionable use of curly braces in "qhp_virtual_folder = {doc}"
    Error: undefined symbol in: "[doc]"
Questionable use of curly braces in "generate_eclipsehelp = {no}"
    Error: undefined symbol in: "[no]"
Questionable use of curly braces in "eclipse_doc_id = {org.doxygen.project}"
    Error: undefined symbol in: "[org.doxygen.project]"
Questionable use of curly braces in "disable_index = {no}"
    Error: undefined symbol in: "[no]"
Questionable use of curly braces in "generate_treeview = {no}"
    Error: undefined symbol in: "[no]"
Questionable use of curly braces in "ext_links_in_window = {no}"
    Error: undefined symbol in: "[no]"
Questionable use of curly braces in "formula_transparent = {yes}"
    Error: undefined symbol in: "[yes]"
Questionable use of curly braces in "use_mathjax = {no}"
    Error: undefined symbol in: "[no]"
Questionable use of curly braces in "searchengine = {yes}"
    Error: undefined symbol in: "[yes]"
Questionable use of curly braces in "server_based_search = {no}"
    Error: undefined symbol in: "[no]"
Questionable use of curly braces in "external_search = {no}"
    Error: undefined symbol in: "[no]"
Questionable use of curly braces in "searchdata_file = {searchdata.xml}"
    Error: undefined symbol in: "[searchdata.xml]"
Questionable use of curly braces in "generate_latex = {yes}"
    Error: undefined symbol in: "[yes]"
Questionable use of curly braces in "latex_output = {latex}"
    Error: undefined symbol in: "[latex]"
Questionable use of curly braces in "latex_cmd_name = {latex}"
    Error: undefined symbol in: "[latex]"
Questionable use of curly braces in "makeindex_cmd_name = {makeindex}"
    Error: undefined symbol in: "[makeindex]"
Questionable use of curly braces in "compact_latex = {no}"
    Error: undefined symbol in: "[no]"
Questionable use of curly braces in "paper_type = {a4}"
    Error: undefined symbol in: "[a4]"
Questionable use of curly braces in "pdf_hyperlinks = {yes}"
    Error: undefined symbol in: "[yes]"
Questionable use of curly braces in "use_pdflatex = {yes}"
    Error: undefined symbol in: "[yes]"
Questionable use of curly braces in "latex_batchmode = {no}"
    Error: undefined symbol in: "[no]"
Questionable use of curly braces in "latex_hide_indices = {no}"
    Error: undefined symbol in: "[no]"
Questionable use of curly braces in "latex_source_code = {no}"
    Error: undefined symbol in: "[no]"
Questionable use of curly braces in "latex_bib_style = {plain}"
    Error: undefined symbol in: "[plain]"
Questionable use of curly braces in "latex_timestamp = {no}"
    Error: undefined symbol in: "[no]"
Questionable use of curly braces in "generate_rtf = {no}"
    Error: undefined symbol in: "[no]"
Questionable use of curly braces in "rtf_output = {rtf}"
    Error: undefined symbol in: "[rtf]"
Questionable use of curly braces in "compact_rtf = {no}"
    Error: undefined symbol in: "[no]"
Questionable use of curly braces in "rtf_hyperlinks = {no}"
    Error: undefined symbol in: "[no]"
Questionable use of curly braces in "rtf_source_code = {no}"
    Error: undefined symbol in: "[no]"
Questionable use of curly braces in "generate_man = {no}"
    Error: undefined symbol in: "[no]"
Questionable use of curly braces in "man_output = {man}"
    Error: undefined symbol in: "[man]"
Questionable use of curly braces in "man_links = {no}"
    Error: undefined symbol in: "[no]"
Questionable use of curly braces in "generate_xml = {no}"
    Error: undefined symbol in: "[no]"
Questionable use of curly braces in "xml_output = {xml}"
    Error: undefined symbol in: "[xml]"
Questionable use of curly braces in "xml_programlisting = {yes}"
    Error: undefined symbol in: "[yes]"
Questionable use of curly braces in "generate_docbook = {no}"
    Error: undefined symbol in: "[no]"
Questionable use of curly braces in "docbook_output = {docbook}"
    Error: undefined symbol in: "[docbook]"
Questionable use of curly braces in "docbook_programlisting = {no}"
    Error: undefined symbol in: "[no]"
Questionable use of curly braces in "generate_autogen_def = {no}"
    Error: undefined symbol in: "[no]"
Questionable use of curly braces in "generate_perlmod = {no}"
    Error: undefined symbol in: "[no]"
Questionable use of curly braces in "perlmod_latex = {no}"
    Error: undefined symbol in: "[no]"
Questionable use of curly braces in "perlmod_pretty = {yes}"
    Error: undefined symbol in: "[yes]"
Questionable use of curly braces in "enable_preprocessing = {yes}"
    Error: undefined symbol in: "[yes]"
Questionable use of curly braces in "macro_expansion = {no}"
    Error: undefined symbol in: "[no]"
Questionable use of curly braces in "expand_only_predef = {no}"
    Error: undefined symbol in: "[no]"
Questionable use of curly braces in "search_includes = {yes}"
    Error: undefined symbol in: "[yes]"
Questionable use of curly braces in "skip_function_macros = {yes}"
    Error: undefined symbol in: "[yes]"
Questionable use of curly braces in "allexternals = {no}"
    Error: undefined symbol in: "[no]"
Questionable use of curly braces in "external_groups = {yes}"
    Error: undefined symbol in: "[yes]"
Questionable use of curly braces in "external_pages = {yes}"
    Error: undefined symbol in: "[yes]"
Questionable use of curly braces in "class_diagrams = {yes}"
    Error: undefined symbol in: "[yes]"
Questionable use of curly braces in "hide_undoc_relations = {yes}"
    Error: undefined symbol in: "[yes]"
Questionable use of curly braces in "have_dot = {yes}"
    Error: undefined symbol in: "[yes]"
Questionable use of curly braces in "dot_fontname = {helvetica}"
    Error: undefined symbol in: "[helvetica]"
Questionable use of curly braces in "class_graph = {yes}"
    Error: undefined symbol in: "[yes]"
Questionable use of curly braces in "collaboration_graph = {yes}"
    Error: undefined symbol in: "[yes]"
Questionable use of curly braces in "group_graphs = {yes}"
    Error: undefined symbol in: "[yes]"
Questionable use of curly braces in "uml_look = {no}"
    Error: undefined symbol in: "[no]"
Questionable use of curly braces in "template_relations = {no}"
    Error: undefined symbol in: "[no]"
Questionable use of curly braces in "include_graph = {yes}"
    Error: undefined symbol in: "[yes]"
Questionable use of curly braces in "included_by_graph = {yes}"
    Error: undefined symbol in: "[yes]"
Questionable use of curly braces in "call_graph = {no}"
    Error: undefined symbol in: "[no]"
Questionable use of curly braces in "caller_graph = {yes}"
    Error: undefined symbol in: "[yes]"
Questionable use of curly braces in "graphical_hierarchy = {yes}"
    Error: undefined symbol in: "[yes]"
Questionable use of curly braces in "directory_graph = {yes}"
    Error: undefined symbol in: "[yes]"
Questionable use of curly braces in "dot_image_format = {png}"
    Error: undefined symbol in: "[png]"
Questionable use of curly braces in "interactive_svg = {no}"
    Error: undefined symbol in: "[no]"
Questionable use of curly braces in "dot_transparent = {no}"
    Error: undefined symbol in: "[no]"
Questionable use of curly braces in "dot_multi_targets = {no}"
    Error: undefined symbol in: "[no]"
Questionable use of curly braces in "generate_legend = {yes}"
    Error: undefined symbol in: "[yes]"
Questionable use of curly braces in "dot_cleanup = {yes}"
    Error: undefined symbol in: "[yes]"
Circuit: * Doxyfile 1.8.13

Fatal Error: Unknown subcircuit called in:
   xml_output = (xml)
